<?xml version="1.0" encoding="UTF-8"?>
<!-- Generated by org.testng.reporters.JUnitReportReporter -->
<testsuite hostname="DESKTOP-SKVBB7G" failures="0" tests="1" name="vilcartAutomation.CreateSKU" time="1.888" errors="0" timestamp="2022-09-26T16:30:15 IST" skipped="0">
  <testcase classname="vilcartAutomation.CreateSKU" name="f" time="1.888"/>
  <system-out/>
</testsuite> <!-- vilcartAutomation.CreateSKU -->
